<?xml version="1.0" encoding="UTF-8"?>
<!-- Generated by org.testng.reporters.JUnitReportReporter -->
<testsuite hostname="LAPTOP-HFVN6AVE" failures="0" tests="3" name="extentReports.ExtentReportPractice" time="0.011" errors="0" timestamp="2023-04-19T13:10:58 IST" skipped="0">
  <testcase classname="extentReports.ExtentReportPractice" name="homepage" time="0.009"/>
  <system-out/>
  <testcase classname="extentReports.ExtentReportPractice" name="product" time="0.001"/>
  <system-out/>
  <testcase classname="extentReports.ExtentReportPractice" name="signin" time="0.001"/>
  <system-out/>
</testsuite> <!-- extentReports.ExtentReportPractice -->
