<?xml version="1.0" encoding="UTF-8"?>
<!-- Generated by org.testng.reporters.JUnitReportReporter -->
<testsuite hostname="LAPTOP-HFVN6AVE" failures="0" tests="2" name="testNg.Datadriven" time="10.319" errors="0" timestamp="2023-04-13T12:14:11 IST" skipped="0">
  <testcase classname="testNg.Datadriven" name="demo" time="9.619"/>
  <system-out/>
  <testcase classname="testNg.Datadriven" name="login" time="0.700"/>
  <system-out/>
</testsuite> <!-- testNg.Datadriven -->
