<?xml version="1.0" encoding="UTF-8"?>
<!-- Generated by org.testng.reporters.JUnitReportReporter -->
<testsuite hostname="LAPTOP-HFVN6AVE" failures="0" tests="2" name="crossBrowserTesting.Class3" time="0.004" errors="0" timestamp="2023-04-18T11:53:59 IST" skipped="0">
  <testcase classname="crossBrowserTesting.Class3" name="m5" time="0.002"/>
  <system-out/>
  <testcase classname="crossBrowserTesting.Class3" name="m6" time="0.002"/>
  <system-out/>
</testsuite> <!-- crossBrowserTesting.Class3 -->
