<?xml version="1.0" encoding="UTF-8"?>
<!-- Generated by org.testng.reporters.JUnitReportReporter -->
<testsuite hostname="LAPTOP-HFVN6AVE" failures="0" tests="1" name="crossBrowserTesting.Class1" time="0.001" errors="0" timestamp="2023-04-18T11:53:59 IST" skipped="0">
  <testcase classname="crossBrowserTesting.Class1" name="m2" time="0.001"/>
  <system-out/>
</testsuite> <!-- crossBrowserTesting.Class1 -->
