<?xml version="1.0" encoding="UTF-8"?>
<!-- Generated by org.testng.reporters.JUnitReportReporter -->
<testsuite hostname="LAPTOP-HFVN6AVE" failures="0" tests="5" name="testNg.Attributes" time="0.004" errors="0" timestamp="2023-04-12T11:27:17 IST" skipped="0">
  <testcase classname="testNg.Attributes" name="start" time="0.004"/>
  <system-out/>
  <testcase classname="testNg.Attributes" name="run" time="0.000"/>
  <system-out/>
  <testcase classname="testNg.Attributes" name="output" time="0.000"/>
  <system-out/>
  <testcase classname="testNg.Attributes" name="output" time="0.000"/>
  <system-out/>
  <testcase classname="testNg.Attributes" name="output" time="0.000"/>
  <system-out/>
</testsuite> <!-- testNg.Attributes -->
