<?xml version="1.0" encoding="UTF-8"?>
<!-- Generated by org.testng.reporters.JUnitReportReporter -->
<testsuite hostname="LAPTOP-HFVN6AVE" failures="0" tests="3" name="crossBrowserTesting.CrossBrowserTestPractice" time="0.036" errors="0" timestamp="2023-04-17T12:45:11 IST" skipped="0">
  <testcase classname="crossBrowserTesting.CrossBrowserTestPractice" name="googleTitle" time="0.021"/>
  <system-out/>
  <testcase classname="crossBrowserTesting.CrossBrowserTestPractice" name="googleTitle" time="0.007"/>
  <system-out/>
  <testcase classname="crossBrowserTesting.CrossBrowserTestPractice" name="googleTitle" time="0.008"/>
  <system-out/>
</testsuite> <!-- crossBrowserTesting.CrossBrowserTestPractice -->
