<?xml version="1.0" encoding="UTF-8"?>
<!-- Generated by org.testng.reporters.JUnitReportReporter -->
<testsuite hostname="LAPTOP-HFVN6AVE" failures="0" tests="2" name="testNg.FbCheck" time="0.014" errors="0" timestamp="2023-04-14T13:39:34 IST" skipped="0">
  <testcase classname="testNg.FbCheck" name="fbTitle" time="0.009"/>
  <system-out/>
  <testcase classname="testNg.FbCheck" name="fbUrl" time="0.005"/>
  <system-out/>
</testsuite> <!-- testNg.FbCheck -->
