<?xml version="1.0" encoding="UTF-8"?>
<!-- Generated by org.testng.reporters.JUnitReportReporter -->
<testsuite hostname="LAPTOP-HFVN6AVE" failures="0" tests="1" name="extentReports.ExtentReportExcelPractice" time="0.000" errors="0" timestamp="2023-04-21T18:48:26 IST" skipped="1">
  <testcase classname="extentReports.ExtentReportExcelPractice" name="check" time="0.000">
    <skipped/>
  </testcase> <!-- check -->
  <system-out/>
</testsuite> <!-- extentReports.ExtentReportExcelPractice -->
