<?xml version="1.0" encoding="UTF-8"?>
<!-- Generated by org.testng.reporters.JUnitReportReporter -->
<testsuite hostname="LAPTOP-HFVN6AVE" failures="0" tests="5" name="testNg.DataDrivenPractice" time="23.963" errors="0" timestamp="2023-04-14T18:16:45 IST" skipped="0">
  <testcase classname="testNg.DataDrivenPractice" name="demo" time="18.952"/>
  <system-out/>
  <testcase classname="testNg.DataDrivenPractice" name="login" time="0.713"/>
  <system-out/>
  <testcase classname="testNg.DataDrivenPractice" name="login" time="2.342"/>
  <system-out/>
  <testcase classname="testNg.DataDrivenPractice" name="login" time="1.377"/>
  <system-out/>
  <testcase classname="testNg.DataDrivenPractice" name="login" time="0.579"/>
  <system-out/>
</testsuite> <!-- testNg.DataDrivenPractice -->
