<?xml version="1.0" encoding="UTF-8"?>
<!-- Generated by org.testng.reporters.JUnitReportReporter -->
<testsuite hostname="LAPTOP-HFVN6AVE" failures="0" tests="2" name="crossBrowserTesting.Class2" time="0.007" errors="0" timestamp="2023-04-18T11:53:59 IST" skipped="0">
  <testcase classname="crossBrowserTesting.Class2" name="m4" time="0.001"/>
  <system-out/>
  <testcase classname="crossBrowserTesting.Class2" name="m3" time="0.006"/>
  <system-out/>
</testsuite> <!-- crossBrowserTesting.Class2 -->
